info -DB connected
[info] -DB connected
[info   ] -DB connected
[INFO   ] -DB connected
[INFO   ] -DB connected
[INFO   ] -DB connected
{"level":"info","message":"DB connected"}
{"level":"info","message":"DB connected"}
[INFO   ] -DB connected
2022-06-24T07:12:26.182Z[INFO   ] -DB connected
2022-06-24T07:12:40.991Z-[INFO   ] -DB connected
2022-06-24T07:37:39.868Z-[INFO   ] -DB connected
2022-06-24T07:46:00.853Z-[INFO   ] -DB connected
2022-06-24T07:55:41.709Z-[INFO   ] -DB connected
2022-06-24T07:56:42.744Z-[INFO   ] -DB connected
2022-06-24T07:57:37.456Z-[INFO   ] -DB connected
2022-06-24T07:58:17.773Z-[INFO   ] -DB connected
2022-06-24T07:59:26.462Z-[INFO   ] -DB connected
2022-06-24T08:02:24.234Z-[INFO   ] -DB connected
2022-06-24T08:04:30.150Z-[INFO   ] -DB connected
2022-06-24T08:06:24.504Z-[INFO   ] -DB connected
2022-06-24T08:07:01.133Z-[INFO   ] -DB connected
2022-06-24T08:07:14.903Z-[INFO   ] -DB connected
2022-06-24T12:48:15.259Z-[INFO   ] -DB connected
2022-06-24T12:48:24.098Z-[INFO   ] -DB connected
2022-06-24T12:49:13.569Z-[INFO   ] -DB connected
2022-06-27T06:46:47.452Z-[INFO   ] -DB connected
2022-06-27T06:57:20.547Z-[INFO   ] -DB connected
2022-06-27T06:57:25.863Z-[INFO   ] -DB connected
2022-06-27T07:03:51.999Z-[INFO   ] -DB connected
2022-06-27T07:07:13.740Z-[INFO   ] -DB connected
2022-06-27T07:07:39.680Z-[INFO   ] -DB connected
2022-06-27T07:07:58.002Z-[INFO   ] -DB connected
2022-06-27T07:08:12.007Z-[INFO   ] -DB connected
2022-06-27T07:08:18.592Z-[INFO   ] -DB connected
2022-06-27T07:08:26.918Z-[INFO   ] -DB connected
2022-06-27T07:08:51.970Z-[INFO   ] -DB connected
2022-06-27T07:08:55.767Z-[INFO   ] -DB connected
2022-06-27T07:09:00.411Z-[INFO   ] -DB connected
2022-06-27T07:09:04.900Z-[INFO   ] -DB connected
2022-06-27T07:09:13.260Z-[INFO   ] -DB connected
2022-06-27T07:09:44.764Z-[INFO   ] -DB connected
2022-06-27T07:10:40.894Z-[INFO   ] -DB connected
2022-06-27T07:13:22.786Z-[INFO   ] -DB connected
2022-06-27T07:14:17.735Z-[INFO   ] -DB connected
2022-06-27T07:20:00.107Z-[INFO   ] -DB connected
2022-06-27T07:20:26.998Z-[INFO   ] -DB connected
2022-06-27T07:20:30.630Z-[INFO   ] -DB connected
2022-06-27T07:20:39.664Z-[INFO   ] -DB connected
2022-06-27T07:21:39.071Z-[INFO   ] -DB connected
2022-06-27T07:22:04.545Z-[INFO   ] -DB connected
2022-06-27T07:22:11.384Z-[INFO   ] -DB connected
2022-06-27T07:22:39.196Z-[INFO   ] -DB connected
2022-06-27T07:26:17.886Z-[INFO   ] -DB connected
2022-06-27T07:30:52.352Z-[INFO   ] -DB connected
2022-06-27T07:31:40.783Z-[INFO   ] -DB connected
2022-06-27T07:31:45.165Z-[INFO   ] -DB connected
2022-06-27T07:33:33.731Z-[INFO   ] -DB connected
2022-06-27T07:33:51.448Z-[INFO   ] -DB connected
2022-06-27T07:33:57.919Z-[INFO   ] -DB connected
2022-06-27T07:34:12.604Z-[INFO   ] -DB connected
2022-06-27T07:34:23.070Z-[INFO   ] -DB connected
